0 info it worked if it ends with ok
1 verbose cli [ 'C:\\Program Files (x86)\\nodejs\\node.exe',
1 verbose cli   'C:\\Users\\DanielEdry\\AppData\\Roaming\\npm\\node_modules\\npm\\bin\\npm-cli.js',
1 verbose cli   'run',
1 verbose cli   'dev' ]
2 info using npm@3.10.8
3 info using node@v4.4.2
4 verbose run-script [ 'predev', 'dev', 'postdev' ]
5 info lifecycle meirchka@~predev: meirchka@
6 silly lifecycle meirchka@~predev: no script for predev, continuing
7 info lifecycle meirchka@~dev: meirchka@
8 verbose lifecycle meirchka@~dev: unsafe-perm in lifecycle true
9 verbose lifecycle meirchka@~dev: PATH: C:\Users\DanielEdry\AppData\Roaming\npm\node_modules\npm\bin\node-gyp-bin;C:\Projects\patriot-meir\node_modules\.bin;C:\ProgramData\Oracle\Java\javapath;C:\WINDOWS\system32;C:\WINDOWS;C:\WINDOWS\System32\Wbem;C:\WINDOWS\System32\WindowsPowerShell\v1.0\;C:\WINDOWS\system32\config\systemprofile\.dnx\bin;C:\Program Files\Microsoft DNX\Dnvm\;C:\Program Files\Microsoft SQL Server\130\Tools\Binn\;C:\Program Files (x86)\nodejs\;C:\Program Files\Git\cmd;C:\Program Files (x86)\Windows Kits\10\Windows Performance Toolkit\;C:\Users\DanielEdry\AppData\Roaming\npm;%USERPROFILE%\AppData\Local\Microsoft\WindowsApps;
10 verbose lifecycle meirchka@~dev: CWD: C:\Projects\patriot-meir
11 silly lifecycle meirchka@~dev: Args: [ '/d /s /c', 'lite-server' ]
12 silly lifecycle meirchka@~dev: Returned: code: 3  signal: null
13 info lifecycle meirchka@~dev: Failed to exec dev script
14 verbose stack Error: meirchka@ dev: `lite-server`
14 verbose stack Exit status 3
14 verbose stack     at EventEmitter.<anonymous> (C:\Users\DanielEdry\AppData\Roaming\npm\node_modules\npm\lib\utils\lifecycle.js:255:16)
14 verbose stack     at emitTwo (events.js:87:13)
14 verbose stack     at EventEmitter.emit (events.js:172:7)
14 verbose stack     at ChildProcess.<anonymous> (C:\Users\DanielEdry\AppData\Roaming\npm\node_modules\npm\lib\utils\spawn.js:40:14)
14 verbose stack     at emitTwo (events.js:87:13)
14 verbose stack     at ChildProcess.emit (events.js:172:7)
14 verbose stack     at maybeClose (internal/child_process.js:827:16)
14 verbose stack     at Process.ChildProcess._handle.onexit (internal/child_process.js:211:5)
15 verbose pkgid meirchka@
16 verbose cwd C:\Projects\patriot-meir\app
17 error Windows_NT 10.0.14393
18 error argv "C:\\Program Files (x86)\\nodejs\\node.exe" "C:\\Users\\DanielEdry\\AppData\\Roaming\\npm\\node_modules\\npm\\bin\\npm-cli.js" "run" "dev"
19 error node v4.4.2
20 error npm  v3.10.8
21 error code ELIFECYCLE
22 error meirchka@ dev: `lite-server`
22 error Exit status 3
23 error Failed at the meirchka@ dev script 'lite-server'.
23 error Make sure you have the latest version of node.js and npm installed.
23 error If you do, this is most likely a problem with the meirchka package,
23 error not with npm itself.
23 error Tell the author that this fails on your system:
23 error     lite-server
23 error You can get information on how to open an issue for this project with:
23 error     npm bugs meirchka
23 error Or if that isn't available, you can get their info via:
23 error     npm owner ls meirchka
23 error There is likely additional logging output above.
24 verbose exit [ 1, true ]
